<!DOCTYPE html PUBLIC "-//W3C//DTD XHTML 1.0 Transitional//EN" "http://www.w3.org/TR/xhtml1/DTD/xhtml1-transitional.dtd">
<!-- Generated by Apache Maven Doxia Site Renderer 1.6 at 2017-09-19 -->
<html xmlns="http://www.w3.org/1999/xhtml" xml:lang="tr" lang="tr">
  <head>
    <meta http-equiv="Content-Type" content="text/html; charset=UTF-8" />
    <title>Surefire Report</title>
    <style type="text/css" media="all">
      @import url("./css/maven-base.css");
      @import url("./css/maven-theme.css");
      @import url("./css/site.css");
    </style>
    <link rel="stylesheet" href="./css/print.css" type="text/css" media="print" />
    <meta name="Date-Revision-yyyymmdd" content="20170919" />
    <meta http-equiv="Content-Language" content="tr" />
        
        </head>
  <body class="composite">
    <div id="banner">
                      <div class="clear">
        <hr/>
      </div>
    </div>
    <div id="breadcrumbs">
            
                    
                <div class="xleft">
        <span id="publishDate">Last Published: 2017-09-19</span>
                  &nbsp;| <span id="projectVersion">Version: 0.0.1-SNAPSHOT</span>
                      </div>
            <div class="xright">        
                    
      </div>
      <div class="clear">
        <hr/>
      </div>
    </div>
    <div id="leftColumn">
      <div id="navcolumn">
             
                    
                                      <a href="http://maven.apache.org/" title="Built by Maven" class="poweredBy">
        <img class="poweredBy" alt="Built by Maven" src="./images/logos/maven-feather.png" />
      </a>
                   
                    
            </div>
    </div>
    <div id="bodyColumn">
      <div id="contentBox">
        <script type="text/javascript">
//<![CDATA[
function toggleDisplay(elementId) {
 var elm = document.getElementById(elementId + 'error');
 if (elm && typeof elm.style != "undefined") {
 if (elm.style.display == "none") {
 elm.style.display = "";
 document.getElementById(elementId + 'off').style.display = "none";
 document.getElementById(elementId + 'on').style.display = "inline";
 } else if (elm.style.display == "") { elm.style.display = "none";
 document.getElementById(elementId + 'off').style.display = "inline";
 document.getElementById(elementId + 'on').style.display = "none";
 } 
 } 
 }
//]]>
</script>
<div class="section">
<h2><a name="Surefire_Report"></a>Surefire Report</h2></div>
<div class="section">
<h2><a name="Summary"></a>Summary</h2><a name="Summary"></a>
<p>[<a href="#Summary">Summary</a>] [<a href="#Package_List">Package List</a>] [<a href="#Test_Cases">Test Cases</a>]</p><br />
<table border="1" class="bodyTable">
<tr class="a">
<th>Tests</th>
<th>Errors </th>
<th>Failures</th>
<th>Skipped</th>
<th>Success Rate</th>
<th>Time</th></tr>
<tr class="b">
<td>16</td>
<td>7</td>
<td>3</td>
<td>0</td>
<td>37,5%</td>
<td>548,87</td></tr></table><br />
<p>Note: failures are anticipated and checked for with assertions while errors are unanticipated.</p><br /></div>
<div class="section">
<h2><a name="Package_List"></a>Package List</h2><a name="Package_List"></a>
<p>[<a href="#Summary">Summary</a>] [<a href="#Package_List">Package List</a>] [<a href="#Test_Cases">Test Cases</a>]</p><br />
<table border="1" class="bodyTable">
<tr class="a">
<th>Package</th>
<th>Tests</th>
<th>Errors </th>
<th>Failures</th>
<th>Skipped</th>
<th>Success Rate</th>
<th>Time</th></tr>
<tr class="b">
<td><a href="#selenium.test.cases">selenium.test.cases</a></td>
<td>16</td>
<td>7</td>
<td>3</td>
<td>0</td>
<td>37,5%</td>
<td>548,87</td></tr></table><br />
<p>Note: package statistics are not computed recursively, they only sum up all of its testsuites numbers.</p>
<div class="section">
<h3><a name="selenium.test.cases"></a>selenium.test.cases</h3><a name="selenium.test.cases"></a>
<table border="1" class="bodyTable">
<tr class="a">
<th></th>
<th>Class</th>
<th>Tests</th>
<th>Errors </th>
<th>Failures</th>
<th>Skipped</th>
<th>Success Rate</th>
<th>Time</th></tr>
<tr class="b">
<td><a href="#selenium.test.casesHepsiBurada2Test"><img src="images/icon_error_sml.gif" alt="" /></a></td>
<td><a href="#selenium.test.casesHepsiBurada2Test">HepsiBurada2Test</a></td>
<td>11</td>
<td>7</td>
<td>2</td>
<td>0</td>
<td>18,182%</td>
<td>367,877</td></tr>
<tr class="a">
<td><a href="#selenium.test.casesHepsiBuradaTest"><img src="images/icon_warning_sml.gif" alt="" /></a></td>
<td><a href="#selenium.test.casesHepsiBuradaTest">HepsiBuradaTest</a></td>
<td>5</td>
<td>0</td>
<td>1</td>
<td>0</td>
<td>80%</td>
<td>180,993</td></tr></table></div><br /></div>
<div class="section">
<h2><a name="Test_Cases"></a>Test Cases</h2><a name="Test_Cases"></a>
<p>[<a href="#Summary">Summary</a>] [<a href="#Package_List">Package List</a>] [<a href="#Test_Cases">Test Cases</a>]</p>
<div class="section">
<h3><a name="HepsiBurada2Test"></a>HepsiBurada2Test</h3><a name="selenium.test.casesHepsiBurada2Test"></a>
<table border="1" class="bodyTable">
<tr class="a">
<td><a href="#selenium.test.cases.HepsiBurada2Test.girisYapControl22"><img src="images/icon_error_sml.gif" alt="" /></a></td>
<td><a name="TC_selenium.test.cases.HepsiBurada2Test.girisYapControl22"></a><a href="#selenium.test.cases.HepsiBurada2Test.girisYapControl22">girisYapControl2[2]</a>
<div class="detailToggle" style="display:inline"><a href="javascript:toggleDisplay(&apos;selenium.test.cases.HepsiBurada2Test.girisYapControl22&apos;);"><span style="display:inline;" id="selenium.test.cases.HepsiBurada2Test.girisYapControl22off"> + </span><span style="display:none;" id="selenium.test.cases.HepsiBurada2Test.girisYapControl22on"> - </span>[ Detail ]</a></div></td>
<td>20,95</td></tr>
<tr class="b">
<td></td>
<td>expected:&lt;[https://www.hepsiburada.com/ayagina-gelsin/giris?ReturnUrl=%2f]&gt; but was:&lt;[www.google.com.tr]&gt;</td>
<td></td></tr>
<tr class="a">
<td></td>
<td>
<div id="selenium.test.cases.HepsiBurada2Test.girisYapControl22error" style="display:none;">
<div>
<pre>org.junit.ComparisonFailure: expected:&lt;[https://www.hepsiburada.com/ayagina-gelsin/giris?ReturnUrl=%2f]&gt; but was:&lt;[www.google.com.tr]&gt;
	at org.junit.Assert.assertEquals(Assert.java:115)
	at org.junit.Assert.assertEquals(Assert.java:144)
	at selenium.test.cases.HepsiBurada2Test.girisYapControl2(HepsiBurada2Test.java:83)
	at sun.reflect.NativeMethodAccessorImpl.invoke0(Native Method)
	at sun.reflect.NativeMethodAccessorImpl.invoke(NativeMethodAccessorImpl.java:62)
	at sun.reflect.DelegatingMethodAccessorImpl.invoke(DelegatingMethodAccessorImpl.java:43)
	at java.lang.reflect.Method.invoke(Method.java:498)
	at org.junit.runners.model.FrameworkMethod$1.runReflectiveCall(FrameworkMethod.java:50)
	at org.junit.internal.runners.model.ReflectiveCallable.run(ReflectiveCallable.java:12)
	at org.junit.runners.model.FrameworkMethod.invokeExplosively(FrameworkMethod.java:47)
	at org.junit.internal.runners.statements.InvokeMethod.evaluate(InvokeMethod.java:17)
	at org.junit.internal.runners.statements.RunBefores.evaluate(RunBefores.java:26)
	at org.junit.internal.runners.statements.RunAfters.evaluate(RunAfters.java:27)
	at org.junit.runners.ParentRunner.runLeaf(ParentRunner.java:325)
	at org.junit.runners.BlockJUnit4ClassRunner.runChild(BlockJUnit4ClassRunner.java:78)
	at org.junit.runners.BlockJUnit4ClassRunner.runChild(BlockJUnit4ClassRunner.java:57)
	at org.junit.runners.ParentRunner$3.run(ParentRunner.java:290)
	at org.junit.runners.ParentRunner$1.schedule(ParentRunner.java:71)
	at org.junit.runners.ParentRunner.runChildren(ParentRunner.java:288)
	at org.junit.runners.ParentRunner.access$000(ParentRunner.java:58)
	at org.junit.runners.ParentRunner$2.evaluate(ParentRunner.java:268)
	at org.junit.runners.ParentRunner.run(ParentRunner.java:363)
	at org.junit.runners.Suite.runChild(Suite.java:128)
	at org.junit.runners.Suite.runChild(Suite.java:27)
	at org.junit.runners.ParentRunner$3.run(ParentRunner.java:290)
	at java.util.concurrent.Executors$RunnableAdapter.call(Executors.java:511)
	at java.util.concurrent.FutureTask.run(FutureTask.java:266)
	at java.util.concurrent.ThreadPoolExecutor.runWorker(ThreadPoolExecutor.java:1149)
	at java.util.concurrent.ThreadPoolExecutor$Worker.run(ThreadPoolExecutor.java:624)
	at java.lang.Thread.run(Thread.java:748)</pre></div></div></td>
<td></td></tr>
<tr class="b">
<td><a href="#selenium.test.cases.HepsiBurada2Test.girisYapControl23"><img src="images/icon_error_sml.gif" alt="" /></a></td>
<td><a name="TC_selenium.test.cases.HepsiBurada2Test.girisYapControl23"></a><a href="#selenium.test.cases.HepsiBurada2Test.girisYapControl23">girisYapControl2[3]</a>
<div class="detailToggle" style="display:inline"><a href="javascript:toggleDisplay(&apos;selenium.test.cases.HepsiBurada2Test.girisYapControl23&apos;);"><span style="display:inline;" id="selenium.test.cases.HepsiBurada2Test.girisYapControl23off"> + </span><span style="display:none;" id="selenium.test.cases.HepsiBurada2Test.girisYapControl23on"> - </span>[ Detail ]</a></div></td>
<td>0,127</td></tr>
<tr class="a">
<td></td>
<td>expected:&lt;[https://www.hepsiburada.com/ayagina-gelsin/giris?ReturnUrl=%2f]&gt; but was:&lt;[www.google.com.tr]&gt;</td>
<td></td></tr>
<tr class="b">
<td></td>
<td>
<div id="selenium.test.cases.HepsiBurada2Test.girisYapControl23error" style="display:none;">
<div>
<pre>org.junit.ComparisonFailure: expected:&lt;[https://www.hepsiburada.com/ayagina-gelsin/giris?ReturnUrl=%2f]&gt; but was:&lt;[www.google.com.tr]&gt;
	at org.junit.Assert.assertEquals(Assert.java:115)
	at org.junit.Assert.assertEquals(Assert.java:144)
	at selenium.test.cases.HepsiBurada2Test.girisYapControl2(HepsiBurada2Test.java:83)
	at sun.reflect.NativeMethodAccessorImpl.invoke0(Native Method)
	at sun.reflect.NativeMethodAccessorImpl.invoke(NativeMethodAccessorImpl.java:62)
	at sun.reflect.DelegatingMethodAccessorImpl.invoke(DelegatingMethodAccessorImpl.java:43)
	at java.lang.reflect.Method.invoke(Method.java:498)
	at org.junit.runners.model.FrameworkMethod$1.runReflectiveCall(FrameworkMethod.java:50)
	at org.junit.internal.runners.model.ReflectiveCallable.run(ReflectiveCallable.java:12)
	at org.junit.runners.model.FrameworkMethod.invokeExplosively(FrameworkMethod.java:47)
	at org.junit.internal.runners.statements.InvokeMethod.evaluate(InvokeMethod.java:17)
	at org.junit.internal.runners.statements.RunBefores.evaluate(RunBefores.java:26)
	at org.junit.internal.runners.statements.RunAfters.evaluate(RunAfters.java:27)
	at org.junit.runners.ParentRunner.runLeaf(ParentRunner.java:325)
	at org.junit.runners.BlockJUnit4ClassRunner.runChild(BlockJUnit4ClassRunner.java:78)
	at org.junit.runners.BlockJUnit4ClassRunner.runChild(BlockJUnit4ClassRunner.java:57)
	at org.junit.runners.ParentRunner$3.run(ParentRunner.java:290)
	at org.junit.runners.ParentRunner$1.schedule(ParentRunner.java:71)
	at org.junit.runners.ParentRunner.runChildren(ParentRunner.java:288)
	at org.junit.runners.ParentRunner.access$000(ParentRunner.java:58)
	at org.junit.runners.ParentRunner$2.evaluate(ParentRunner.java:268)
	at org.junit.runners.ParentRunner.run(ParentRunner.java:363)
	at org.junit.runners.Suite.runChild(Suite.java:128)
	at org.junit.runners.Suite.runChild(Suite.java:27)
	at org.junit.runners.ParentRunner$3.run(ParentRunner.java:290)
	at java.util.concurrent.Executors$RunnableAdapter.call(Executors.java:511)
	at java.util.concurrent.FutureTask.run(FutureTask.java:266)
	at java.util.concurrent.ThreadPoolExecutor.runWorker(ThreadPoolExecutor.java:1149)
	at java.util.concurrent.ThreadPoolExecutor$Worker.run(ThreadPoolExecutor.java:624)
	at java.lang.Thread.run(Thread.java:748)</pre></div></div></td>
<td></td></tr>
<tr class="a">
<td><a href="#selenium.test.cases.HepsiBurada2Test.girisYapControl20"><img src="images/icon_error_sml.gif" alt="" /></a></td>
<td><a name="TC_selenium.test.cases.HepsiBurada2Test.girisYapControl20"></a><a href="#selenium.test.cases.HepsiBurada2Test.girisYapControl20">girisYapControl2[0]</a>
<div class="detailToggle" style="display:inline"><a href="javascript:toggleDisplay(&apos;selenium.test.cases.HepsiBurada2Test.girisYapControl20&apos;);"><span style="display:inline;" id="selenium.test.cases.HepsiBurada2Test.girisYapControl20off"> + </span><span style="display:none;" id="selenium.test.cases.HepsiBurada2Test.girisYapControl20on"> - </span>[ Detail ]</a></div></td>
<td>17,182</td></tr>
<tr class="b">
<td></td>
<td>Expected condition failed: waiting for visibility of element located by By.id: login (tried for 20 second(s) with 500 MILLISECONDS interval) Build info: version: '3.4.0', revision: 'unknown', time: 'unknown' System info: host: 'USER-BILGISAYAR', ip: '192.168.8.104', os.name: 'Windows 7', os.arch: 'amd64', os.version: '6.1', java.version: '1.8.0_144' Driver info: org.openqa.selenium.remote.RemoteWebDriver Capabilities [{moz:profile=/tmp/rust_mozprofile.etGyn50gP2Fy, rotatable=false, timeouts={implicit=0.0, page load=300000.0, script=30000.0}, pageLoadStrategy=normal, platform=ANY, specificationLevel=0.0, moz:accessibilityChecks=false, webdriver.remote.sessionid=8ce38f40-2d26-4e9a-ab5c-795efd19ace4, acceptInsecureCerts=false, browserVersion=52.0.2, platformVersion=3.16.0-4-amd64, moz:processID=159.0, browserName=firefox, takesScreenshot=true, javascriptEnabled=true, platformName=linux, cssSelectorsEnabled=true}] Session ID: 8ce38f40-2d26-4e9a-ab5c-795efd19ace4</td>
<td></td></tr>
<tr class="a">
<td></td>
<td>
<div id="selenium.test.cases.HepsiBurada2Test.girisYapControl20error" style="display:none;">
<div>
<pre>org.openqa.selenium.TimeoutException: Expected condition failed: waiting for visibility of element located by By.id: login (tried for 20 second(s) with 500 MILLISECONDS interval)
Build info: version: '3.4.0', revision: 'unknown', time: 'unknown'
System info: host: 'USER-BILGISAYAR', ip: '192.168.8.104', os.name: 'Windows 7', os.arch: 'amd64', os.version: '6.1', java.version: '1.8.0_144'
Driver info: org.openqa.selenium.remote.RemoteWebDriver
Capabilities [{moz:profile=/tmp/rust_mozprofile.etGyn50gP2Fy, rotatable=false, timeouts={implicit=0.0, page load=300000.0, script=30000.0}, pageLoadStrategy=normal, platform=ANY, specificationLevel=0.0, moz:accessibilityChecks=false, webdriver.remote.sessionid=8ce38f40-2d26-4e9a-ab5c-795efd19ace4, acceptInsecureCerts=false, browserVersion=52.0.2, platformVersion=3.16.0-4-amd64, moz:processID=159.0, browserName=firefox, takesScreenshot=true, javascriptEnabled=true, platformName=linux, cssSelectorsEnabled=true}]
Session ID: 8ce38f40-2d26-4e9a-ab5c-795efd19ace4
	at org.openqa.selenium.support.ui.WebDriverWait.timeoutException(WebDriverWait.java:80)
	at org.openqa.selenium.support.ui.FluentWait.until(FluentWait.java:232)
	at selenium.test.cases.HepsiBurada2Test.girisYapControl2(HepsiBurada2Test.java:73)
	at sun.reflect.NativeMethodAccessorImpl.invoke0(Native Method)
	at sun.reflect.NativeMethodAccessorImpl.invoke(NativeMethodAccessorImpl.java:62)
	at sun.reflect.DelegatingMethodAccessorImpl.invoke(DelegatingMethodAccessorImpl.java:43)
	at java.lang.reflect.Method.invoke(Method.java:498)
	at org.junit.runners.model.FrameworkMethod$1.runReflectiveCall(FrameworkMethod.java:50)
	at org.junit.internal.runners.model.ReflectiveCallable.run(ReflectiveCallable.java:12)
	at org.junit.runners.model.FrameworkMethod.invokeExplosively(FrameworkMethod.java:47)
	at org.junit.internal.runners.statements.InvokeMethod.evaluate(InvokeMethod.java:17)
	at org.junit.internal.runners.statements.RunBefores.evaluate(RunBefores.java:26)
	at org.junit.internal.runners.statements.RunAfters.evaluate(RunAfters.java:27)
	at org.junit.runners.ParentRunner.runLeaf(ParentRunner.java:325)
	at org.junit.runners.BlockJUnit4ClassRunner.runChild(BlockJUnit4ClassRunner.java:78)
	at org.junit.runners.BlockJUnit4ClassRunner.runChild(BlockJUnit4ClassRunner.java:57)
	at org.junit.runners.ParentRunner$3.run(ParentRunner.java:290)
	at org.junit.runners.ParentRunner$1.schedule(ParentRunner.java:71)
	at org.junit.runners.ParentRunner.runChildren(ParentRunner.java:288)
	at org.junit.runners.ParentRunner.access$000(ParentRunner.java:58)
	at org.junit.runners.ParentRunner$2.evaluate(ParentRunner.java:268)
	at org.junit.runners.ParentRunner.run(ParentRunner.java:363)
	at org.junit.runners.Suite.runChild(Suite.java:128)
	at org.junit.runners.Suite.runChild(Suite.java:27)
	at org.junit.runners.ParentRunner$3.run(ParentRunner.java:290)
	at java.util.concurrent.Executors$RunnableAdapter.call(Executors.java:511)
	at java.util.concurrent.FutureTask.run(FutureTask.java:266)
	at java.util.concurrent.ThreadPoolExecutor.runWorker(ThreadPoolExecutor.java:1149)
	at java.util.concurrent.ThreadPoolExecutor$Worker.run(ThreadPoolExecutor.java:624)
	at java.lang.Thread.run(Thread.java:748)</pre></div></div></td>
<td></td></tr>
<tr class="b">
<td><img src="images/icon_success_sml.gif" alt="" /></td>
<td><a name="TC_selenium.test.cases.HepsiBurada2Test.girisYapControl2"></a>girisYapControl[2]</td>
<td>2,838</td></tr>
<tr class="a">
<td><img src="images/icon_success_sml.gif" alt="" /></td>
<td><a name="TC_selenium.test.cases.HepsiBurada2Test.girisYapControl3"></a>girisYapControl[3]</td>
<td>5,45</td></tr>
<tr class="b">
<td><a href="#selenium.test.cases.HepsiBurada2Test.girisYapControl21"><img src="images/icon_error_sml.gif" alt="" /></a></td>
<td><a name="TC_selenium.test.cases.HepsiBurada2Test.girisYapControl21"></a><a href="#selenium.test.cases.HepsiBurada2Test.girisYapControl21">girisYapControl2[1]</a>
<div class="detailToggle" style="display:inline"><a href="javascript:toggleDisplay(&apos;selenium.test.cases.HepsiBurada2Test.girisYapControl21&apos;);"><span style="display:inline;" id="selenium.test.cases.HepsiBurada2Test.girisYapControl21off"> + </span><span style="display:none;" id="selenium.test.cases.HepsiBurada2Test.girisYapControl21on"> - </span>[ Detail ]</a></div></td>
<td>6,332</td></tr>
<tr class="a">
<td></td>
<td>Expected condition failed: waiting for visibility of element located by By.id: login (tried for 20 second(s) with 500 MILLISECONDS interval) Build info: version: '3.4.0', revision: 'unknown', time: 'unknown' System info: host: 'USER-BILGISAYAR', ip: '192.168.8.104', os.name: 'Windows 7', os.arch: 'amd64', os.version: '6.1', java.version: '1.8.0_144' Driver info: org.openqa.selenium.remote.RemoteWebDriver Capabilities [{moz:profile=/tmp/rust_mozprofile.ilHC8NWuijFc, rotatable=false, timeouts={implicit=0.0, pageLoad=300000.0, script=30000.0}, pageLoadStrategy=normal, platform=ANY, specificationLevel=0.0, moz:accessibilityChecks=false, acceptInsecureCerts=false, browserVersion=55.0.3, platformVersion=3.16.0-4-amd64, moz:processID=76.0, browserName=firefox, javascriptEnabled=true, platformName=linux}] Session ID: 28c68058-4795-435a-ae9d-40c2d625c688</td>
<td></td></tr>
<tr class="b">
<td></td>
<td>
<div id="selenium.test.cases.HepsiBurada2Test.girisYapControl21error" style="display:none;">
<div>
<pre>org.openqa.selenium.TimeoutException: Expected condition failed: waiting for visibility of element located by By.id: login (tried for 20 second(s) with 500 MILLISECONDS interval)
Build info: version: '3.4.0', revision: 'unknown', time: 'unknown'
System info: host: 'USER-BILGISAYAR', ip: '192.168.8.104', os.name: 'Windows 7', os.arch: 'amd64', os.version: '6.1', java.version: '1.8.0_144'
Driver info: org.openqa.selenium.remote.RemoteWebDriver
Capabilities [{moz:profile=/tmp/rust_mozprofile.ilHC8NWuijFc, rotatable=false, timeouts={implicit=0.0, pageLoad=300000.0, script=30000.0}, pageLoadStrategy=normal, platform=ANY, specificationLevel=0.0, moz:accessibilityChecks=false, acceptInsecureCerts=false, browserVersion=55.0.3, platformVersion=3.16.0-4-amd64, moz:processID=76.0, browserName=firefox, javascriptEnabled=true, platformName=linux}]
Session ID: 28c68058-4795-435a-ae9d-40c2d625c688
	at org.openqa.selenium.support.ui.WebDriverWait.timeoutException(WebDriverWait.java:80)
	at org.openqa.selenium.support.ui.FluentWait.until(FluentWait.java:232)
	at selenium.test.cases.HepsiBurada2Test.girisYapControl2(HepsiBurada2Test.java:73)
	at sun.reflect.NativeMethodAccessorImpl.invoke0(Native Method)
	at sun.reflect.NativeMethodAccessorImpl.invoke(NativeMethodAccessorImpl.java:62)
	at sun.reflect.DelegatingMethodAccessorImpl.invoke(DelegatingMethodAccessorImpl.java:43)
	at java.lang.reflect.Method.invoke(Method.java:498)
	at org.junit.runners.model.FrameworkMethod$1.runReflectiveCall(FrameworkMethod.java:50)
	at org.junit.internal.runners.model.ReflectiveCallable.run(ReflectiveCallable.java:12)
	at org.junit.runners.model.FrameworkMethod.invokeExplosively(FrameworkMethod.java:47)
	at org.junit.internal.runners.statements.InvokeMethod.evaluate(InvokeMethod.java:17)
	at org.junit.internal.runners.statements.RunBefores.evaluate(RunBefores.java:26)
	at org.junit.internal.runners.statements.RunAfters.evaluate(RunAfters.java:27)
	at org.junit.runners.ParentRunner.runLeaf(ParentRunner.java:325)
	at org.junit.runners.BlockJUnit4ClassRunner.runChild(BlockJUnit4ClassRunner.java:78)
	at org.junit.runners.BlockJUnit4ClassRunner.runChild(BlockJUnit4ClassRunner.java:57)
	at org.junit.runners.ParentRunner$3.run(ParentRunner.java:290)
	at org.junit.runners.ParentRunner$1.schedule(ParentRunner.java:71)
	at org.junit.runners.ParentRunner.runChildren(ParentRunner.java:288)
	at org.junit.runners.ParentRunner.access$000(ParentRunner.java:58)
	at org.junit.runners.ParentRunner$2.evaluate(ParentRunner.java:268)
	at org.junit.runners.ParentRunner.run(ParentRunner.java:363)
	at org.junit.runners.Suite.runChild(Suite.java:128)
	at org.junit.runners.Suite.runChild(Suite.java:27)
	at org.junit.runners.ParentRunner$3.run(ParentRunner.java:290)
	at java.util.concurrent.Executors$RunnableAdapter.call(Executors.java:511)
	at java.util.concurrent.FutureTask.run(FutureTask.java:266)
	at java.util.concurrent.ThreadPoolExecutor.runWorker(ThreadPoolExecutor.java:1149)
	at java.util.concurrent.ThreadPoolExecutor$Worker.run(ThreadPoolExecutor.java:624)
	at java.lang.Thread.run(Thread.java:748)</pre></div></div></td>
<td></td></tr>
<tr class="a">
<td><a href="#selenium.test.cases.HepsiBurada2Test.girisYapControl0"><img src="images/icon_error_sml.gif" alt="" /></a></td>
<td><a name="TC_selenium.test.cases.HepsiBurada2Test.girisYapControl0"></a><a href="#selenium.test.cases.HepsiBurada2Test.girisYapControl0">girisYapControl[0]</a>
<div class="detailToggle" style="display:inline"><a href="javascript:toggleDisplay(&apos;selenium.test.cases.HepsiBurada2Test.girisYapControl0&apos;);"><span style="display:inline;" id="selenium.test.cases.HepsiBurada2Test.girisYapControl0off"> + </span><span style="display:none;" id="selenium.test.cases.HepsiBurada2Test.girisYapControl0on"> - </span>[ Detail ]</a></div></td>
<td>26,389</td></tr>
<tr class="b">
<td></td>
<td>Expected condition failed: waiting for visibility of element located by By.id: login (tried for 20 second(s) with 500 MILLISECONDS interval) Build info: version: '3.4.0', revision: 'unknown', time: 'unknown' System info: host: 'USER-BILGISAYAR', ip: '192.168.8.104', os.name: 'Windows 7', os.arch: 'amd64', os.version: '6.1', java.version: '1.8.0_144' Driver info: org.openqa.selenium.remote.RemoteWebDriver Capabilities [{moz:profile=/tmp/rust_mozprofile.wEqwUlb1STRz, rotatable=false, timeouts={implicit=0.0, page load=300000.0, script=30000.0}, pageLoadStrategy=normal, platform=ANY, specificationLevel=0.0, moz:accessibilityChecks=false, webdriver.remote.sessionid=71c2c270-fb9b-40da-941b-8cd628b03e58, acceptInsecureCerts=false, browserVersion=52.0.2, platformVersion=3.16.0-4-amd64, moz:processID=253.0, browserName=firefox, takesScreenshot=true, javascriptEnabled=true, platformName=linux, cssSelectorsEnabled=true}] Session ID: 71c2c270-fb9b-40da-941b-8cd628b03e58</td>
<td></td></tr>
<tr class="a">
<td></td>
<td>
<div id="selenium.test.cases.HepsiBurada2Test.girisYapControl0error" style="display:none;">
<div>
<pre>org.openqa.selenium.TimeoutException: Expected condition failed: waiting for visibility of element located by By.id: login (tried for 20 second(s) with 500 MILLISECONDS interval)
Build info: version: '3.4.0', revision: 'unknown', time: 'unknown'
System info: host: 'USER-BILGISAYAR', ip: '192.168.8.104', os.name: 'Windows 7', os.arch: 'amd64', os.version: '6.1', java.version: '1.8.0_144'
Driver info: org.openqa.selenium.remote.RemoteWebDriver
Capabilities [{moz:profile=/tmp/rust_mozprofile.wEqwUlb1STRz, rotatable=false, timeouts={implicit=0.0, page load=300000.0, script=30000.0}, pageLoadStrategy=normal, platform=ANY, specificationLevel=0.0, moz:accessibilityChecks=false, webdriver.remote.sessionid=71c2c270-fb9b-40da-941b-8cd628b03e58, acceptInsecureCerts=false, browserVersion=52.0.2, platformVersion=3.16.0-4-amd64, moz:processID=253.0, browserName=firefox, takesScreenshot=true, javascriptEnabled=true, platformName=linux, cssSelectorsEnabled=true}]
Session ID: 71c2c270-fb9b-40da-941b-8cd628b03e58
	at org.openqa.selenium.support.ui.WebDriverWait.timeoutException(WebDriverWait.java:80)
	at org.openqa.selenium.support.ui.FluentWait.until(FluentWait.java:232)
	at selenium.test.cases.HepsiBurada2Test.girisYapControl(HepsiBurada2Test.java:37)
	at sun.reflect.NativeMethodAccessorImpl.invoke0(Native Method)
	at sun.reflect.NativeMethodAccessorImpl.invoke(NativeMethodAccessorImpl.java:62)
	at sun.reflect.DelegatingMethodAccessorImpl.invoke(DelegatingMethodAccessorImpl.java:43)
	at java.lang.reflect.Method.invoke(Method.java:498)
	at org.junit.runners.model.FrameworkMethod$1.runReflectiveCall(FrameworkMethod.java:50)
	at org.junit.internal.runners.model.ReflectiveCallable.run(ReflectiveCallable.java:12)
	at org.junit.runners.model.FrameworkMethod.invokeExplosively(FrameworkMethod.java:47)
	at org.junit.internal.runners.statements.InvokeMethod.evaluate(InvokeMethod.java:17)
	at org.junit.internal.runners.statements.RunBefores.evaluate(RunBefores.java:26)
	at org.junit.internal.runners.statements.RunAfters.evaluate(RunAfters.java:27)
	at org.junit.runners.ParentRunner.runLeaf(ParentRunner.java:325)
	at org.junit.runners.BlockJUnit4ClassRunner.runChild(BlockJUnit4ClassRunner.java:78)
	at org.junit.runners.BlockJUnit4ClassRunner.runChild(BlockJUnit4ClassRunner.java:57)
	at org.junit.runners.ParentRunner$3.run(ParentRunner.java:290)
	at org.junit.runners.ParentRunner$1.schedule(ParentRunner.java:71)
	at org.junit.runners.ParentRunner.runChildren(ParentRunner.java:288)
	at org.junit.runners.ParentRunner.access$000(ParentRunner.java:58)
	at org.junit.runners.ParentRunner$2.evaluate(ParentRunner.java:268)
	at org.junit.runners.ParentRunner.run(ParentRunner.java:363)
	at org.junit.runners.Suite.runChild(Suite.java:128)
	at org.junit.runners.Suite.runChild(Suite.java:27)
	at org.junit.runners.ParentRunner$3.run(ParentRunner.java:290)
	at java.util.concurrent.Executors$RunnableAdapter.call(Executors.java:511)
	at java.util.concurrent.FutureTask.run(FutureTask.java:266)
	at java.util.concurrent.ThreadPoolExecutor.runWorker(ThreadPoolExecutor.java:1149)
	at java.util.concurrent.ThreadPoolExecutor$Worker.run(ThreadPoolExecutor.java:624)
	at java.lang.Thread.run(Thread.java:748)</pre></div></div></td>
<td></td></tr>
<tr class="b">
<td><a href="#selenium.test.cases.HepsiBurada2Test.girisYapControl1"><img src="images/icon_error_sml.gif" alt="" /></a></td>
<td><a name="TC_selenium.test.cases.HepsiBurada2Test.girisYapControl1"></a><a href="#selenium.test.cases.HepsiBurada2Test.girisYapControl1">girisYapControl[1]</a>
<div class="detailToggle" style="display:inline"><a href="javascript:toggleDisplay(&apos;selenium.test.cases.HepsiBurada2Test.girisYapControl1&apos;);"><span style="display:inline;" id="selenium.test.cases.HepsiBurada2Test.girisYapControl1off"> + </span><span style="display:none;" id="selenium.test.cases.HepsiBurada2Test.girisYapControl1on"> - </span>[ Detail ]</a></div></td>
<td>33,295</td></tr>
<tr class="a">
<td></td>
<td>Expected condition failed: waiting for visibility of element located by By.id: login (tried for 20 second(s) with 500 MILLISECONDS interval) Build info: version: '3.4.0', revision: 'unknown', time: 'unknown' System info: host: 'USER-BILGISAYAR', ip: '192.168.8.104', os.name: 'Windows 7', os.arch: 'amd64', os.version: '6.1', java.version: '1.8.0_144' Driver info: org.openqa.selenium.remote.RemoteWebDriver Capabilities [{moz:profile=/tmp/rust_mozprofile.Aq6VHj6NLqwJ, rotatable=false, timeouts={implicit=0.0, pageLoad=300000.0, script=30000.0}, pageLoadStrategy=normal, platform=ANY, specificationLevel=0.0, moz:accessibilityChecks=false, acceptInsecureCerts=false, browserVersion=55.0.3, platformVersion=3.16.0-4-amd64, moz:processID=178.0, browserName=firefox, javascriptEnabled=true, platformName=linux}] Session ID: 5a04631d-91d1-4b52-9f87-b3c3fac0cdf8</td>
<td></td></tr>
<tr class="b">
<td></td>
<td>
<div id="selenium.test.cases.HepsiBurada2Test.girisYapControl1error" style="display:none;">
<div>
<pre>org.openqa.selenium.TimeoutException: Expected condition failed: waiting for visibility of element located by By.id: login (tried for 20 second(s) with 500 MILLISECONDS interval)
Build info: version: '3.4.0', revision: 'unknown', time: 'unknown'
System info: host: 'USER-BILGISAYAR', ip: '192.168.8.104', os.name: 'Windows 7', os.arch: 'amd64', os.version: '6.1', java.version: '1.8.0_144'
Driver info: org.openqa.selenium.remote.RemoteWebDriver
Capabilities [{moz:profile=/tmp/rust_mozprofile.Aq6VHj6NLqwJ, rotatable=false, timeouts={implicit=0.0, pageLoad=300000.0, script=30000.0}, pageLoadStrategy=normal, platform=ANY, specificationLevel=0.0, moz:accessibilityChecks=false, acceptInsecureCerts=false, browserVersion=55.0.3, platformVersion=3.16.0-4-amd64, moz:processID=178.0, browserName=firefox, javascriptEnabled=true, platformName=linux}]
Session ID: 5a04631d-91d1-4b52-9f87-b3c3fac0cdf8
	at org.openqa.selenium.support.ui.WebDriverWait.timeoutException(WebDriverWait.java:80)
	at org.openqa.selenium.support.ui.FluentWait.until(FluentWait.java:232)
	at selenium.test.cases.HepsiBurada2Test.girisYapControl(HepsiBurada2Test.java:37)
	at sun.reflect.NativeMethodAccessorImpl.invoke0(Native Method)
	at sun.reflect.NativeMethodAccessorImpl.invoke(NativeMethodAccessorImpl.java:62)
	at sun.reflect.DelegatingMethodAccessorImpl.invoke(DelegatingMethodAccessorImpl.java:43)
	at java.lang.reflect.Method.invoke(Method.java:498)
	at org.junit.runners.model.FrameworkMethod$1.runReflectiveCall(FrameworkMethod.java:50)
	at org.junit.internal.runners.model.ReflectiveCallable.run(ReflectiveCallable.java:12)
	at org.junit.runners.model.FrameworkMethod.invokeExplosively(FrameworkMethod.java:47)
	at org.junit.internal.runners.statements.InvokeMethod.evaluate(InvokeMethod.java:17)
	at org.junit.internal.runners.statements.RunBefores.evaluate(RunBefores.java:26)
	at org.junit.internal.runners.statements.RunAfters.evaluate(RunAfters.java:27)
	at org.junit.runners.ParentRunner.runLeaf(ParentRunner.java:325)
	at org.junit.runners.BlockJUnit4ClassRunner.runChild(BlockJUnit4ClassRunner.java:78)
	at org.junit.runners.BlockJUnit4ClassRunner.runChild(BlockJUnit4ClassRunner.java:57)
	at org.junit.runners.ParentRunner$3.run(ParentRunner.java:290)
	at org.junit.runners.ParentRunner$1.schedule(ParentRunner.java:71)
	at org.junit.runners.ParentRunner.runChildren(ParentRunner.java:288)
	at org.junit.runners.ParentRunner.access$000(ParentRunner.java:58)
	at org.junit.runners.ParentRunner$2.evaluate(ParentRunner.java:268)
	at org.junit.runners.ParentRunner.run(ParentRunner.java:363)
	at org.junit.runners.Suite.runChild(Suite.java:128)
	at org.junit.runners.Suite.runChild(Suite.java:27)
	at org.junit.runners.ParentRunner$3.run(ParentRunner.java:290)
	at java.util.concurrent.Executors$RunnableAdapter.call(Executors.java:511)
	at java.util.concurrent.FutureTask.run(FutureTask.java:266)
	at java.util.concurrent.ThreadPoolExecutor.runWorker(ThreadPoolExecutor.java:1149)
	at java.util.concurrent.ThreadPoolExecutor$Worker.run(ThreadPoolExecutor.java:624)
	at java.lang.Thread.run(Thread.java:748)</pre></div></div></td>
<td></td></tr>
<tr class="a">
<td><a href="#selenium.test.cases.HepsiBurada2Test.girisYapControl24"><img src="images/icon_error_sml.gif" alt="" /></a></td>
<td><a name="TC_selenium.test.cases.HepsiBurada2Test.girisYapControl24"></a><a href="#selenium.test.cases.HepsiBurada2Test.girisYapControl24">girisYapControl2[4]</a>
<div class="detailToggle" style="display:inline"><a href="javascript:toggleDisplay(&apos;selenium.test.cases.HepsiBurada2Test.girisYapControl24&apos;);"><span style="display:inline;" id="selenium.test.cases.HepsiBurada2Test.girisYapControl24off"> + </span><span style="display:none;" id="selenium.test.cases.HepsiBurada2Test.girisYapControl24on"> - </span>[ Detail ]</a></div></td>
<td>64,14</td></tr>
<tr class="b">
<td></td>
<td>Expected condition failed: waiting for visibility of element located by By.id: login (tried for 20 second(s) with 500 MILLISECONDS interval) Build info: version: '3.4.0', revision: 'unknown', time: 'unknown' System info: host: 'USER-BILGISAYAR', ip: '192.168.8.104', os.name: 'Windows 7', os.arch: 'amd64', os.version: '6.1', java.version: '1.8.0_144' Driver info: org.openqa.selenium.remote.RemoteWebDriver Capabilities [{se:ieOptions={nativeEvents=true, browserAttachTimeout=0.0, ie.ensureCleanSession=true, elementScrollBehavior=0.0, enablePersistentHover=true, ie.browserCommandLineSwitches=, ie.forceCreateProcessApi=false, requireWindowFocus=false, initialBrowserUrl=http://localhost:41133/, ignoreZoomSetting=false, ie.fileUploadDialogTimeout=3000.0, ignoreProtectedModeSettings=true}, pageLoadStrategy=normal, unhandledPromptBehavior=dismiss, platform=ANY, webdriver.remote.sessionid=95f12f8e-ba02-40c0-a2bf-14c170bed0d8, acceptInsecureCerts=false, browserVersion=11, browserName=internet explorer, takesScreenshot=true, javascriptEnabled=true, platformName=windows, setWindowRect=true, cssSelectorsEnabled=true}] Session ID: 95f12f8e-ba02-40c0-a2bf-14c170bed0d8</td>
<td></td></tr>
<tr class="a">
<td></td>
<td>
<div id="selenium.test.cases.HepsiBurada2Test.girisYapControl24error" style="display:none;">
<div>
<pre>org.openqa.selenium.TimeoutException: Expected condition failed: waiting for visibility of element located by By.id: login (tried for 20 second(s) with 500 MILLISECONDS interval)
Build info: version: '3.4.0', revision: 'unknown', time: 'unknown'
System info: host: 'USER-BILGISAYAR', ip: '192.168.8.104', os.name: 'Windows 7', os.arch: 'amd64', os.version: '6.1', java.version: '1.8.0_144'
Driver info: org.openqa.selenium.remote.RemoteWebDriver
Capabilities [{se:ieOptions={nativeEvents=true, browserAttachTimeout=0.0, ie.ensureCleanSession=true, elementScrollBehavior=0.0, enablePersistentHover=true, ie.browserCommandLineSwitches=, ie.forceCreateProcessApi=false, requireWindowFocus=false, initialBrowserUrl=http://localhost:41133/, ignoreZoomSetting=false, ie.fileUploadDialogTimeout=3000.0, ignoreProtectedModeSettings=true}, pageLoadStrategy=normal, unhandledPromptBehavior=dismiss, platform=ANY, webdriver.remote.sessionid=95f12f8e-ba02-40c0-a2bf-14c170bed0d8, acceptInsecureCerts=false, browserVersion=11, browserName=internet explorer, takesScreenshot=true, javascriptEnabled=true, platformName=windows, setWindowRect=true, cssSelectorsEnabled=true}]
Session ID: 95f12f8e-ba02-40c0-a2bf-14c170bed0d8
	at org.openqa.selenium.support.ui.WebDriverWait.timeoutException(WebDriverWait.java:80)
	at org.openqa.selenium.support.ui.FluentWait.until(FluentWait.java:232)
	at selenium.test.cases.HepsiBurada2Test.girisYapControl2(HepsiBurada2Test.java:73)
	at sun.reflect.NativeMethodAccessorImpl.invoke0(Native Method)
	at sun.reflect.NativeMethodAccessorImpl.invoke(NativeMethodAccessorImpl.java:62)
	at sun.reflect.DelegatingMethodAccessorImpl.invoke(DelegatingMethodAccessorImpl.java:43)
	at java.lang.reflect.Method.invoke(Method.java:498)
	at org.junit.runners.model.FrameworkMethod$1.runReflectiveCall(FrameworkMethod.java:50)
	at org.junit.internal.runners.model.ReflectiveCallable.run(ReflectiveCallable.java:12)
	at org.junit.runners.model.FrameworkMethod.invokeExplosively(FrameworkMethod.java:47)
	at org.junit.internal.runners.statements.InvokeMethod.evaluate(InvokeMethod.java:17)
	at org.junit.internal.runners.statements.RunBefores.evaluate(RunBefores.java:26)
	at org.junit.internal.runners.statements.RunAfters.evaluate(RunAfters.java:27)
	at org.junit.runners.ParentRunner.runLeaf(ParentRunner.java:325)
	at org.junit.runners.BlockJUnit4ClassRunner.runChild(BlockJUnit4ClassRunner.java:78)
	at org.junit.runners.BlockJUnit4ClassRunner.runChild(BlockJUnit4ClassRunner.java:57)
	at org.junit.runners.ParentRunner$3.run(ParentRunner.java:290)
	at org.junit.runners.ParentRunner$1.schedule(ParentRunner.java:71)
	at org.junit.runners.ParentRunner.runChildren(ParentRunner.java:288)
	at org.junit.runners.ParentRunner.access$000(ParentRunner.java:58)
	at org.junit.runners.ParentRunner$2.evaluate(ParentRunner.java:268)
	at org.junit.runners.ParentRunner.run(ParentRunner.java:363)
	at org.junit.runners.Suite.runChild(Suite.java:128)
	at org.junit.runners.Suite.runChild(Suite.java:27)
	at org.junit.runners.ParentRunner$3.run(ParentRunner.java:290)
	at java.util.concurrent.Executors$RunnableAdapter.call(Executors.java:511)
	at java.util.concurrent.FutureTask.run(FutureTask.java:266)
	at java.util.concurrent.ThreadPoolExecutor.runWorker(ThreadPoolExecutor.java:1149)
	at java.util.concurrent.ThreadPoolExecutor$Worker.run(ThreadPoolExecutor.java:624)
	at java.lang.Thread.run(Thread.java:748)</pre></div></div></td>
<td></td></tr>
<tr class="b">
<td><a href="#selenium.test.cases.HepsiBurada2Test.girisYapControl4"><img src="images/icon_error_sml.gif" alt="" /></a></td>
<td><a name="TC_selenium.test.cases.HepsiBurada2Test.girisYapControl4"></a><a href="#selenium.test.cases.HepsiBurada2Test.girisYapControl4">girisYapControl[4]</a>
<div class="detailToggle" style="display:inline"><a href="javascript:toggleDisplay(&apos;selenium.test.cases.HepsiBurada2Test.girisYapControl4&apos;);"><span style="display:inline;" id="selenium.test.cases.HepsiBurada2Test.girisYapControl4off"> + </span><span style="display:none;" id="selenium.test.cases.HepsiBurada2Test.girisYapControl4on"> - </span>[ Detail ]</a></div></td>
<td>95,587</td></tr>
<tr class="a">
<td></td>
<td>Expected condition failed: waiting for visibility of element located by By.id: login (tried for 20 second(s) with 500 MILLISECONDS interval) Build info: version: '3.4.0', revision: 'unknown', time: 'unknown' System info: host: 'USER-BILGISAYAR', ip: '192.168.8.104', os.name: 'Windows 7', os.arch: 'amd64', os.version: '6.1', java.version: '1.8.0_144' Driver info: org.openqa.selenium.remote.RemoteWebDriver Capabilities [{se:ieOptions={nativeEvents=true, browserAttachTimeout=0.0, ie.ensureCleanSession=true, elementScrollBehavior=0.0, enablePersistentHover=true, ie.browserCommandLineSwitches=, ie.forceCreateProcessApi=false, requireWindowFocus=false, initialBrowserUrl=http://localhost:38625/, ignoreZoomSetting=false, ie.fileUploadDialogTimeout=3000.0, ignoreProtectedModeSettings=true}, pageLoadStrategy=normal, unhandledPromptBehavior=dismiss, platform=ANY, webdriver.remote.sessionid=2ffa90cc-72ea-425e-8c42-5affe4cee7af, acceptInsecureCerts=false, browserVersion=11, browserName=internet explorer, takesScreenshot=true, javascriptEnabled=true, platformName=windows, setWindowRect=true, cssSelectorsEnabled=true}] Session ID: 2ffa90cc-72ea-425e-8c42-5affe4cee7af</td>
<td></td></tr>
<tr class="b">
<td></td>
<td>
<div id="selenium.test.cases.HepsiBurada2Test.girisYapControl4error" style="display:none;">
<div>
<pre>org.openqa.selenium.TimeoutException: Expected condition failed: waiting for visibility of element located by By.id: login (tried for 20 second(s) with 500 MILLISECONDS interval)
Build info: version: '3.4.0', revision: 'unknown', time: 'unknown'
System info: host: 'USER-BILGISAYAR', ip: '192.168.8.104', os.name: 'Windows 7', os.arch: 'amd64', os.version: '6.1', java.version: '1.8.0_144'
Driver info: org.openqa.selenium.remote.RemoteWebDriver
Capabilities [{se:ieOptions={nativeEvents=true, browserAttachTimeout=0.0, ie.ensureCleanSession=true, elementScrollBehavior=0.0, enablePersistentHover=true, ie.browserCommandLineSwitches=, ie.forceCreateProcessApi=false, requireWindowFocus=false, initialBrowserUrl=http://localhost:38625/, ignoreZoomSetting=false, ie.fileUploadDialogTimeout=3000.0, ignoreProtectedModeSettings=true}, pageLoadStrategy=normal, unhandledPromptBehavior=dismiss, platform=ANY, webdriver.remote.sessionid=2ffa90cc-72ea-425e-8c42-5affe4cee7af, acceptInsecureCerts=false, browserVersion=11, browserName=internet explorer, takesScreenshot=true, javascriptEnabled=true, platformName=windows, setWindowRect=true, cssSelectorsEnabled=true}]
Session ID: 2ffa90cc-72ea-425e-8c42-5affe4cee7af
	at org.openqa.selenium.support.ui.WebDriverWait.timeoutException(WebDriverWait.java:80)
	at org.openqa.selenium.support.ui.FluentWait.until(FluentWait.java:232)
	at selenium.test.cases.HepsiBurada2Test.girisYapControl(HepsiBurada2Test.java:37)
	at sun.reflect.NativeMethodAccessorImpl.invoke0(Native Method)
	at sun.reflect.NativeMethodAccessorImpl.invoke(NativeMethodAccessorImpl.java:62)
	at sun.reflect.DelegatingMethodAccessorImpl.invoke(DelegatingMethodAccessorImpl.java:43)
	at java.lang.reflect.Method.invoke(Method.java:498)
	at org.junit.runners.model.FrameworkMethod$1.runReflectiveCall(FrameworkMethod.java:50)
	at org.junit.internal.runners.model.ReflectiveCallable.run(ReflectiveCallable.java:12)
	at org.junit.runners.model.FrameworkMethod.invokeExplosively(FrameworkMethod.java:47)
	at org.junit.internal.runners.statements.InvokeMethod.evaluate(InvokeMethod.java:17)
	at org.junit.internal.runners.statements.RunBefores.evaluate(RunBefores.java:26)
	at org.junit.internal.runners.statements.RunAfters.evaluate(RunAfters.java:27)
	at org.junit.runners.ParentRunner.runLeaf(ParentRunner.java:325)
	at org.junit.runners.BlockJUnit4ClassRunner.runChild(BlockJUnit4ClassRunner.java:78)
	at org.junit.runners.BlockJUnit4ClassRunner.runChild(BlockJUnit4ClassRunner.java:57)
	at org.junit.runners.ParentRunner$3.run(ParentRunner.java:290)
	at org.junit.runners.ParentRunner$1.schedule(ParentRunner.java:71)
	at org.junit.runners.ParentRunner.runChildren(ParentRunner.java:288)
	at org.junit.runners.ParentRunner.access$000(ParentRunner.java:58)
	at org.junit.runners.ParentRunner$2.evaluate(ParentRunner.java:268)
	at org.junit.runners.ParentRunner.run(ParentRunner.java:363)
	at org.junit.runners.Suite.runChild(Suite.java:128)
	at org.junit.runners.Suite.runChild(Suite.java:27)
	at org.junit.runners.ParentRunner$3.run(ParentRunner.java:290)
	at java.util.concurrent.Executors$RunnableAdapter.call(Executors.java:511)
	at java.util.concurrent.FutureTask.run(FutureTask.java:266)
	at java.util.concurrent.ThreadPoolExecutor.runWorker(ThreadPoolExecutor.java:1149)
	at java.util.concurrent.ThreadPoolExecutor$Worker.run(ThreadPoolExecutor.java:624)
	at java.lang.Thread.run(Thread.java:748)</pre></div></div></td>
<td></td></tr>
<tr class="a">
<td><a href="#selenium.test.cases.HepsiBurada2Test.girisYapControl4"><img src="images/icon_error_sml.gif" alt="" /></a></td>
<td><a name="TC_selenium.test.cases.HepsiBurada2Test.girisYapControl4"></a><a href="#selenium.test.cases.HepsiBurada2Test.girisYapControl4">girisYapControl[4]</a>
<div class="detailToggle" style="display:inline"><a href="javascript:toggleDisplay(&apos;selenium.test.cases.HepsiBurada2Test.girisYapControl4&apos;);"><span style="display:inline;" id="selenium.test.cases.HepsiBurada2Test.girisYapControl4off"> + </span><span style="display:none;" id="selenium.test.cases.HepsiBurada2Test.girisYapControl4on"> - </span>[ Detail ]</a></div></td>
<td>95,587</td></tr>
<tr class="b">
<td></td>
<td>Session [2ffa90cc-72ea-425e-8c42-5affe4cee7af] was terminated due to TIMEOUT Command duration or timeout: 67 milliseconds</td>
<td></td></tr>
<tr class="a">
<td></td>
<td>
<div id="selenium.test.cases.HepsiBurada2Test.girisYapControl4error" style="display:none;">
<div>
<pre>org.openqa.selenium.WebDriverException: Session [2ffa90cc-72ea-425e-8c42-5affe4cee7af] was terminated due to TIMEOUT
Command duration or timeout: 67 milliseconds
	at sun.reflect.NativeConstructorAccessorImpl.newInstance0(Native Method)
	at sun.reflect.NativeConstructorAccessorImpl.newInstance(NativeConstructorAccessorImpl.java:62)
	at sun.reflect.DelegatingConstructorAccessorImpl.newInstance(DelegatingConstructorAccessorImpl.java:45)
	at java.lang.reflect.Constructor.newInstance(Constructor.java:423)
	at org.openqa.selenium.remote.ErrorHandler.createThrowable(ErrorHandler.java:215)
	at org.openqa.selenium.remote.ErrorHandler.throwIfResponseFailed(ErrorHandler.java:167)
	at org.openqa.selenium.remote.RemoteWebDriver.execute(RemoteWebDriver.java:671)
	at org.openqa.selenium.remote.RemoteWebDriver.execute(RemoteWebDriver.java:694)
	at org.openqa.selenium.remote.RemoteWebDriver.quit(RemoteWebDriver.java:533)
	at selenium.test.cases.HepsiBurada2Test.tearDown(HepsiBurada2Test.java:98)
	at sun.reflect.NativeMethodAccessorImpl.invoke0(Native Method)
	at sun.reflect.NativeMethodAccessorImpl.invoke(NativeMethodAccessorImpl.java:62)
	at sun.reflect.DelegatingMethodAccessorImpl.invoke(DelegatingMethodAccessorImpl.java:43)
	at java.lang.reflect.Method.invoke(Method.java:498)
	at org.junit.runners.model.FrameworkMethod$1.runReflectiveCall(FrameworkMethod.java:50)
	at org.junit.internal.runners.model.ReflectiveCallable.run(ReflectiveCallable.java:12)
	at org.junit.runners.model.FrameworkMethod.invokeExplosively(FrameworkMethod.java:47)
	at org.junit.internal.runners.statements.RunAfters.evaluate(RunAfters.java:33)
	at org.junit.runners.ParentRunner.runLeaf(ParentRunner.java:325)
	at org.junit.runners.BlockJUnit4ClassRunner.runChild(BlockJUnit4ClassRunner.java:78)
	at org.junit.runners.BlockJUnit4ClassRunner.runChild(BlockJUnit4ClassRunner.java:57)
	at org.junit.runners.ParentRunner$3.run(ParentRunner.java:290)
	at org.junit.runners.ParentRunner$1.schedule(ParentRunner.java:71)
	at org.junit.runners.ParentRunner.runChildren(ParentRunner.java:288)
	at org.junit.runners.ParentRunner.access$000(ParentRunner.java:58)
	at org.junit.runners.ParentRunner$2.evaluate(ParentRunner.java:268)
	at org.junit.runners.ParentRunner.run(ParentRunner.java:363)
	at org.junit.runners.Suite.runChild(Suite.java:128)
	at org.junit.runners.Suite.runChild(Suite.java:27)
	at org.junit.runners.ParentRunner$3.run(ParentRunner.java:290)
	at java.util.concurrent.Executors$RunnableAdapter.call(Executors.java:511)
	at java.util.concurrent.FutureTask.run(FutureTask.java:266)
	at java.util.concurrent.ThreadPoolExecutor.runWorker(ThreadPoolExecutor.java:1149)
	at java.util.concurrent.ThreadPoolExecutor$Worker.run(ThreadPoolExecutor.java:624)
	at java.lang.Thread.run(Thread.java:748)
Caused by: org.openqa.selenium.WebDriverException: Session [2ffa90cc-72ea-425e-8c42-5affe4cee7af] was terminated due to TIMEOUT
Build info: version: '3.4.0', revision: 'unknown', time: 'unknown'
System info: host: 'USER-BILGISAYAR', ip: '192.168.8.104', os.name: 'Windows 7', os.arch: 'amd64', os.version: '6.1', java.version: '1.8.0_144'
Driver info: driver.version: unknown
	at org.openqa.grid.internal.ActiveTestSessions.getExistingSession(ActiveTestSessions.java:105)
	at org.openqa.grid.internal.Registry.getExistingSession(Registry.java:398)
	at org.openqa.grid.web.servlet.handler.RequestHandler.getSession(RequestHandler.java:230)
	at org.openqa.grid.web.servlet.handler.RequestHandler.process(RequestHandler.java:115)
	at org.openqa.grid.web.servlet.DriverServlet.process(DriverServlet.java:84)
	at org.openqa.grid.web.servlet.DriverServlet.doDelete(DriverServlet.java:74)
	at javax.servlet.http.HttpServlet.service(HttpServlet.java:713)
	at javax.servlet.http.HttpServlet.service(HttpServlet.java:790)
	at org.seleniumhq.jetty9.servlet.ServletHolder.handle(ServletHolder.java:841)
	at org.seleniumhq.jetty9.servlet.ServletHandler.doHandle(ServletHandler.java:535)
	at org.seleniumhq.jetty9.server.handler.ScopedHandler.nextHandle(ScopedHandler.java:188)
	at org.seleniumhq.jetty9.server.session.SessionHandler.doHandle(SessionHandler.java:1595)
	at org.seleniumhq.jetty9.server.handler.ScopedHandler.nextHandle(ScopedHandler.java:188)
	at org.seleniumhq.jetty9.server.handler.ContextHandler.doHandle(ContextHandler.java:1253)
	at org.seleniumhq.jetty9.server.handler.ScopedHandler.nextScope(ScopedHandler.java:168)
	at org.seleniumhq.jetty9.servlet.ServletHandler.doScope(ServletHandler.java:473)
	at org.seleniumhq.jetty9.server.session.SessionHandler.doScope(SessionHandler.java:1564)
	at org.seleniumhq.jetty9.server.handler.ScopedHandler.nextScope(ScopedHandler.java:166)
	at org.seleniumhq.jetty9.server.handler.ContextHandler.doScope(ContextHandler.java:1155)
	at org.seleniumhq.jetty9.server.handler.ScopedHandler.handle(ScopedHandler.java:141)
	at org.seleniumhq.jetty9.server.handler.HandlerWrapper.handle(HandlerWrapper.java:132)
	at org.seleniumhq.jetty9.server.Server.handle(Server.java:564)
	at org.seleniumhq.jetty9.server.HttpChannel.handle(HttpChannel.java:317)
	at org.seleniumhq.jetty9.server.HttpConnection.onFillable(HttpConnection.java:251)
	at org.seleniumhq.jetty9.io.AbstractConnection$ReadCallback.succeeded(AbstractConnection.java:279)
	at org.seleniumhq.jetty9.io.FillInterest.fillable(FillInterest.java:110)
	at org.seleniumhq.jetty9.io.ChannelEndPoint$2.run(ChannelEndPoint.java:124)
	at org.seleniumhq.jetty9.util.thread.Invocable.invokePreferred(Invocable.java:128)
	at org.seleniumhq.jetty9.util.thread.Invocable$InvocableExecutor.invoke(Invocable.java:222)
	at org.seleniumhq.jetty9.util.thread.strategy.EatWhatYouKill.doProduce(EatWhatYouKill.java:294)
	at org.seleniumhq.jetty9.util.thread.strategy.EatWhatYouKill.run(EatWhatYouKill.java:199)
	at org.seleniumhq.jetty9.util.thread.QueuedThreadPool.runJob(QueuedThreadPool.java:672)
	at org.seleniumhq.jetty9.util.thread.QueuedThreadPool$2.run(QueuedThreadPool.java:590)
	... 1 more</pre></div></div></td>
<td></td></tr></table></div>
<div class="section">
<h3><a name="HepsiBuradaTest"></a>HepsiBuradaTest</h3><a name="selenium.test.casesHepsiBuradaTest"></a>
<table border="1" class="bodyTable">
<tr class="a">
<td><a href="#selenium.test.cases.HepsiBuradaTest.panelControl4"><img src="images/icon_error_sml.gif" alt="" /></a></td>
<td><a name="TC_selenium.test.cases.HepsiBuradaTest.panelControl4"></a><a href="#selenium.test.cases.HepsiBuradaTest.panelControl4">panelControl[4]</a>
<div class="detailToggle" style="display:inline"><a href="javascript:toggleDisplay(&apos;selenium.test.cases.HepsiBuradaTest.panelControl4&apos;);"><span style="display:inline;" id="selenium.test.cases.HepsiBuradaTest.panelControl4off"> + </span><span style="display:none;" id="selenium.test.cases.HepsiBuradaTest.panelControl4on"> - </span>[ Detail ]</a></div></td>
<td>31,159</td></tr>
<tr class="b">
<td></td>
<td>expected:&lt;&quot;[telefon&quot; i&#xe7;in en iyi sonu&#xe7;lar]&gt; but was:&lt;&quot;[TELEFON&quot; I&#xc7;IN EN IYI SONU&#xc7;LAR]&gt;</td>
<td></td></tr>
<tr class="a">
<td></td>
<td>
<div id="selenium.test.cases.HepsiBuradaTest.panelControl4error" style="display:none;">
<div>
<pre>org.junit.ComparisonFailure: expected:&lt;&quot;[telefon&quot; i&#xe7;in en iyi sonu&#xe7;lar]&gt; but was:&lt;&quot;[TELEFON&quot; I&#xc7;IN EN IYI SONU&#xc7;LAR]&gt;
	at org.junit.Assert.assertEquals(Assert.java:115)
	at org.junit.Assert.assertEquals(Assert.java:144)
	at selenium.test.cases.HepsiBuradaTest.panelControl(HepsiBuradaTest.java:54)
	at sun.reflect.NativeMethodAccessorImpl.invoke0(Native Method)
	at sun.reflect.NativeMethodAccessorImpl.invoke(NativeMethodAccessorImpl.java:62)
	at sun.reflect.DelegatingMethodAccessorImpl.invoke(DelegatingMethodAccessorImpl.java:43)
	at java.lang.reflect.Method.invoke(Method.java:498)
	at org.junit.runners.model.FrameworkMethod$1.runReflectiveCall(FrameworkMethod.java:50)
	at org.junit.internal.runners.model.ReflectiveCallable.run(ReflectiveCallable.java:12)
	at org.junit.runners.model.FrameworkMethod.invokeExplosively(FrameworkMethod.java:47)
	at org.junit.internal.runners.statements.InvokeMethod.evaluate(InvokeMethod.java:17)
	at org.junit.internal.runners.statements.RunBefores.evaluate(RunBefores.java:26)
	at org.junit.internal.runners.statements.RunAfters.evaluate(RunAfters.java:27)
	at org.junit.runners.ParentRunner.runLeaf(ParentRunner.java:325)
	at org.junit.runners.BlockJUnit4ClassRunner.runChild(BlockJUnit4ClassRunner.java:78)
	at org.junit.runners.BlockJUnit4ClassRunner.runChild(BlockJUnit4ClassRunner.java:57)
	at org.junit.runners.ParentRunner$3.run(ParentRunner.java:290)
	at org.junit.runners.ParentRunner$1.schedule(ParentRunner.java:71)
	at org.junit.runners.ParentRunner.runChildren(ParentRunner.java:288)
	at org.junit.runners.ParentRunner.access$000(ParentRunner.java:58)
	at org.junit.runners.ParentRunner$2.evaluate(ParentRunner.java:268)
	at org.junit.runners.ParentRunner.run(ParentRunner.java:363)
	at org.junit.runners.Suite.runChild(Suite.java:128)
	at org.junit.runners.Suite.runChild(Suite.java:27)
	at org.junit.runners.ParentRunner$3.run(ParentRunner.java:290)
	at java.util.concurrent.Executors$RunnableAdapter.call(Executors.java:511)
	at java.util.concurrent.FutureTask.run(FutureTask.java:266)
	at java.util.concurrent.ThreadPoolExecutor.runWorker(ThreadPoolExecutor.java:1149)
	at java.util.concurrent.ThreadPoolExecutor$Worker.run(ThreadPoolExecutor.java:624)
	at java.lang.Thread.run(Thread.java:748)</pre></div></div></td>
<td></td></tr>
<tr class="b">
<td><img src="images/icon_success_sml.gif" alt="" /></td>
<td><a name="TC_selenium.test.cases.HepsiBuradaTest.panelControl1"></a>panelControl[1]</td>
<td>31,338</td></tr>
<tr class="a">
<td><img src="images/icon_success_sml.gif" alt="" /></td>
<td><a name="TC_selenium.test.cases.HepsiBuradaTest.panelControl3"></a>panelControl[3]</td>
<td>35,849</td></tr>
<tr class="b">
<td><img src="images/icon_success_sml.gif" alt="" /></td>
<td><a name="TC_selenium.test.cases.HepsiBuradaTest.panelControl2"></a>panelControl[2]</td>
<td>36,591</td></tr>
<tr class="a">
<td><img src="images/icon_success_sml.gif" alt="" /></td>
<td><a name="TC_selenium.test.cases.HepsiBuradaTest.panelControl0"></a>panelControl[0]</td>
<td>46,056</td></tr></table></div><br /></div>
<div class="section">
<h2><a name="Failure_Details"></a>Failure Details</h2><a name="Failure_Details"></a>
<p>[<a href="#Summary">Summary</a>] [<a href="#Package_List">Package List</a>] [<a href="#Test_Cases">Test Cases</a>]</p><br />
<table border="1" class="bodyTable">
<tr class="a">
<td><img src="images/icon_error_sml.gif" alt="" /></td>
<td><a name="selenium.test.cases.HepsiBurada2Test.girisYapControl22"></a>girisYapControl2[2]</td></tr>
<tr class="b">
<td></td>
<td>org.junit.ComparisonFailure: expected:&lt;[https://www.hepsiburada.com/ayagina-gelsin/giris?ReturnUrl=%2f]&gt; but was:&lt;[www.google.com.tr]&gt;</td></tr>
<tr class="a">
<td></td>
<td>
<div id="girisYapControl2[2]error">selenium.test.cases.HepsiBurada2Test:83</div></td></tr>
<tr class="b">
<td><img src="images/icon_error_sml.gif" alt="" /></td>
<td><a name="selenium.test.cases.HepsiBurada2Test.girisYapControl23"></a>girisYapControl2[3]</td></tr>
<tr class="a">
<td></td>
<td>org.junit.ComparisonFailure: expected:&lt;[https://www.hepsiburada.com/ayagina-gelsin/giris?ReturnUrl=%2f]&gt; but was:&lt;[www.google.com.tr]&gt;</td></tr>
<tr class="b">
<td></td>
<td>
<div id="girisYapControl2[3]error">selenium.test.cases.HepsiBurada2Test:83</div></td></tr>
<tr class="a">
<td><img src="images/icon_error_sml.gif" alt="" /></td>
<td><a name="selenium.test.cases.HepsiBurada2Test.girisYapControl20"></a>girisYapControl2[0]</td></tr>
<tr class="b">
<td></td>
<td>org.openqa.selenium.TimeoutException: Expected condition failed: waiting for visibility of element located by By.id: login (tried for 20 second(s) with 500 MILLISECONDS interval) Build info: version: '3.4.0', revision: 'unknown', time: 'unknown' System info: host: 'USER-BILGISAYAR', ip: '192.168.8.104', os.name: 'Windows 7', os.arch: 'amd64', os.version: '6.1', java.version: '1.8.0_144' Driver info: org.openqa.selenium.remote.RemoteWebDriver Capabilities [{moz:profile=/tmp/rust_mozprofile.etGyn50gP2Fy, rotatable=false, timeouts={implicit=0.0, page load=300000.0, script=30000.0}, pageLoadStrategy=normal, platform=ANY, specificationLevel=0.0, moz:accessibilityChecks=false, webdriver.remote.sessionid=8ce38f40-2d26-4e9a-ab5c-795efd19ace4, acceptInsecureCerts=false, browserVersion=52.0.2, platformVersion=3.16.0-4-amd64, moz:processID=159.0, browserName=firefox, takesScreenshot=true, javascriptEnabled=true, platformName=linux, cssSelectorsEnabled=true}] Session ID: 8ce38f40-2d26-4e9a-ab5c-795efd19ace4</td></tr>
<tr class="a">
<td></td>
<td>
<div id="girisYapControl2[0]error">selenium.test.cases.HepsiBurada2Test:73</div></td></tr>
<tr class="b">
<td><img src="images/icon_error_sml.gif" alt="" /></td>
<td><a name="selenium.test.cases.HepsiBurada2Test.girisYapControl21"></a>girisYapControl2[1]</td></tr>
<tr class="a">
<td></td>
<td>org.openqa.selenium.TimeoutException: Expected condition failed: waiting for visibility of element located by By.id: login (tried for 20 second(s) with 500 MILLISECONDS interval) Build info: version: '3.4.0', revision: 'unknown', time: 'unknown' System info: host: 'USER-BILGISAYAR', ip: '192.168.8.104', os.name: 'Windows 7', os.arch: 'amd64', os.version: '6.1', java.version: '1.8.0_144' Driver info: org.openqa.selenium.remote.RemoteWebDriver Capabilities [{moz:profile=/tmp/rust_mozprofile.ilHC8NWuijFc, rotatable=false, timeouts={implicit=0.0, pageLoad=300000.0, script=30000.0}, pageLoadStrategy=normal, platform=ANY, specificationLevel=0.0, moz:accessibilityChecks=false, acceptInsecureCerts=false, browserVersion=55.0.3, platformVersion=3.16.0-4-amd64, moz:processID=76.0, browserName=firefox, javascriptEnabled=true, platformName=linux}] Session ID: 28c68058-4795-435a-ae9d-40c2d625c688</td></tr>
<tr class="b">
<td></td>
<td>
<div id="girisYapControl2[1]error">selenium.test.cases.HepsiBurada2Test:73</div></td></tr>
<tr class="a">
<td><img src="images/icon_error_sml.gif" alt="" /></td>
<td><a name="selenium.test.cases.HepsiBurada2Test.girisYapControl0"></a>girisYapControl[0]</td></tr>
<tr class="b">
<td></td>
<td>org.openqa.selenium.TimeoutException: Expected condition failed: waiting for visibility of element located by By.id: login (tried for 20 second(s) with 500 MILLISECONDS interval) Build info: version: '3.4.0', revision: 'unknown', time: 'unknown' System info: host: 'USER-BILGISAYAR', ip: '192.168.8.104', os.name: 'Windows 7', os.arch: 'amd64', os.version: '6.1', java.version: '1.8.0_144' Driver info: org.openqa.selenium.remote.RemoteWebDriver Capabilities [{moz:profile=/tmp/rust_mozprofile.wEqwUlb1STRz, rotatable=false, timeouts={implicit=0.0, page load=300000.0, script=30000.0}, pageLoadStrategy=normal, platform=ANY, specificationLevel=0.0, moz:accessibilityChecks=false, webdriver.remote.sessionid=71c2c270-fb9b-40da-941b-8cd628b03e58, acceptInsecureCerts=false, browserVersion=52.0.2, platformVersion=3.16.0-4-amd64, moz:processID=253.0, browserName=firefox, takesScreenshot=true, javascriptEnabled=true, platformName=linux, cssSelectorsEnabled=true}] Session ID: 71c2c270-fb9b-40da-941b-8cd628b03e58</td></tr>
<tr class="a">
<td></td>
<td>
<div id="girisYapControl[0]error">selenium.test.cases.HepsiBurada2Test:37</div></td></tr>
<tr class="b">
<td><img src="images/icon_error_sml.gif" alt="" /></td>
<td><a name="selenium.test.cases.HepsiBurada2Test.girisYapControl1"></a>girisYapControl[1]</td></tr>
<tr class="a">
<td></td>
<td>org.openqa.selenium.TimeoutException: Expected condition failed: waiting for visibility of element located by By.id: login (tried for 20 second(s) with 500 MILLISECONDS interval) Build info: version: '3.4.0', revision: 'unknown', time: 'unknown' System info: host: 'USER-BILGISAYAR', ip: '192.168.8.104', os.name: 'Windows 7', os.arch: 'amd64', os.version: '6.1', java.version: '1.8.0_144' Driver info: org.openqa.selenium.remote.RemoteWebDriver Capabilities [{moz:profile=/tmp/rust_mozprofile.Aq6VHj6NLqwJ, rotatable=false, timeouts={implicit=0.0, pageLoad=300000.0, script=30000.0}, pageLoadStrategy=normal, platform=ANY, specificationLevel=0.0, moz:accessibilityChecks=false, acceptInsecureCerts=false, browserVersion=55.0.3, platformVersion=3.16.0-4-amd64, moz:processID=178.0, browserName=firefox, javascriptEnabled=true, platformName=linux}] Session ID: 5a04631d-91d1-4b52-9f87-b3c3fac0cdf8</td></tr>
<tr class="b">
<td></td>
<td>
<div id="girisYapControl[1]error">selenium.test.cases.HepsiBurada2Test:37</div></td></tr>
<tr class="a">
<td><img src="images/icon_error_sml.gif" alt="" /></td>
<td><a name="selenium.test.cases.HepsiBurada2Test.girisYapControl24"></a>girisYapControl2[4]</td></tr>
<tr class="b">
<td></td>
<td>org.openqa.selenium.TimeoutException: Expected condition failed: waiting for visibility of element located by By.id: login (tried for 20 second(s) with 500 MILLISECONDS interval) Build info: version: '3.4.0', revision: 'unknown', time: 'unknown' System info: host: 'USER-BILGISAYAR', ip: '192.168.8.104', os.name: 'Windows 7', os.arch: 'amd64', os.version: '6.1', java.version: '1.8.0_144' Driver info: org.openqa.selenium.remote.RemoteWebDriver Capabilities [{se:ieOptions={nativeEvents=true, browserAttachTimeout=0.0, ie.ensureCleanSession=true, elementScrollBehavior=0.0, enablePersistentHover=true, ie.browserCommandLineSwitches=, ie.forceCreateProcessApi=false, requireWindowFocus=false, initialBrowserUrl=http://localhost:41133/, ignoreZoomSetting=false, ie.fileUploadDialogTimeout=3000.0, ignoreProtectedModeSettings=true}, pageLoadStrategy=normal, unhandledPromptBehavior=dismiss, platform=ANY, webdriver.remote.sessionid=95f12f8e-ba02-40c0-a2bf-14c170bed0d8, acceptInsecureCerts=false, browserVersion=11, browserName=internet explorer, takesScreenshot=true, javascriptEnabled=true, platformName=windows, setWindowRect=true, cssSelectorsEnabled=true}] Session ID: 95f12f8e-ba02-40c0-a2bf-14c170bed0d8</td></tr>
<tr class="a">
<td></td>
<td>
<div id="girisYapControl2[4]error">selenium.test.cases.HepsiBurada2Test:73</div></td></tr>
<tr class="b">
<td><img src="images/icon_error_sml.gif" alt="" /></td>
<td><a name="selenium.test.cases.HepsiBurada2Test.girisYapControl4"></a>girisYapControl[4]</td></tr>
<tr class="a">
<td></td>
<td>org.openqa.selenium.TimeoutException: Expected condition failed: waiting for visibility of element located by By.id: login (tried for 20 second(s) with 500 MILLISECONDS interval) Build info: version: '3.4.0', revision: 'unknown', time: 'unknown' System info: host: 'USER-BILGISAYAR', ip: '192.168.8.104', os.name: 'Windows 7', os.arch: 'amd64', os.version: '6.1', java.version: '1.8.0_144' Driver info: org.openqa.selenium.remote.RemoteWebDriver Capabilities [{se:ieOptions={nativeEvents=true, browserAttachTimeout=0.0, ie.ensureCleanSession=true, elementScrollBehavior=0.0, enablePersistentHover=true, ie.browserCommandLineSwitches=, ie.forceCreateProcessApi=false, requireWindowFocus=false, initialBrowserUrl=http://localhost:38625/, ignoreZoomSetting=false, ie.fileUploadDialogTimeout=3000.0, ignoreProtectedModeSettings=true}, pageLoadStrategy=normal, unhandledPromptBehavior=dismiss, platform=ANY, webdriver.remote.sessionid=2ffa90cc-72ea-425e-8c42-5affe4cee7af, acceptInsecureCerts=false, browserVersion=11, browserName=internet explorer, takesScreenshot=true, javascriptEnabled=true, platformName=windows, setWindowRect=true, cssSelectorsEnabled=true}] Session ID: 2ffa90cc-72ea-425e-8c42-5affe4cee7af</td></tr>
<tr class="b">
<td></td>
<td>
<div id="girisYapControl[4]error">selenium.test.cases.HepsiBurada2Test:37</div></td></tr>
<tr class="a">
<td><img src="images/icon_error_sml.gif" alt="" /></td>
<td><a name="selenium.test.cases.HepsiBurada2Test.girisYapControl4"></a>girisYapControl[4]</td></tr>
<tr class="b">
<td></td>
<td>org.openqa.selenium.WebDriverException: Session [2ffa90cc-72ea-425e-8c42-5affe4cee7af] was terminated due to TIMEOUT Command duration or timeout: 67 milliseconds</td></tr>
<tr class="a">
<td></td>
<td>
<div id="girisYapControl[4]error">selenium.test.cases.HepsiBurada2Test:98</div></td></tr>
<tr class="b">
<td><img src="images/icon_error_sml.gif" alt="" /></td>
<td><a name="selenium.test.cases.HepsiBuradaTest.panelControl4"></a>panelControl[4]</td></tr>
<tr class="a">
<td></td>
<td>org.junit.ComparisonFailure: expected:&lt;&quot;[telefon&quot; i&#xe7;in en iyi sonu&#xe7;lar]&gt; but was:&lt;&quot;[TELEFON&quot; I&#xc7;IN EN IYI SONU&#xc7;LAR]&gt;</td></tr>
<tr class="b">
<td></td>
<td>
<div id="panelControl[4]error">selenium.test.cases.HepsiBuradaTest:54</div></td></tr></table><br /></div>
      </div>
    </div>
    <div class="clear">
      <hr/>
    </div>
    <div id="footer">
      <div class="xright">
              Copyright &#169;                   2017.
          All rights reserved.      
                    
                  </div>
      <div class="clear">
        <hr/>
      </div>
    </div>
  </body>
</html>
